#! /usr/bin/vvp
:ivl_version "10.1 (stable)";
:ivl_delay_selection "TYPICAL";
:vpi_time_precision + 0;
:vpi_module "system";
:vpi_module "vhdl_sys";
:vpi_module "v2005_math";
:vpi_module "va_math";
S_0x559372a83e00 .scope module, "test" "test" 2 24;
 .timescale 0 0;
v0x559372aa4440_0 .var/i "i", 31 0;
v0x559372aa4540_0 .var "in", 31 0;
L_0x7f1a959b3018 .functor BUFT 1, C4<1>, C4<0>, C4<0>, C4<0>;
v0x559372aa4600_0 .net "leftright", 0 0, L_0x7f1a959b3018;  1 drivers
v0x559372aa4700_0 .net "out", 31 0, L_0x559372aa4b20;  1 drivers
v0x559372aa47d0_0 .var "shamt", 4 0;
S_0x559372a83f80 .scope module, "sss" "Shifter" 2 32, 2 1 0, S_0x559372a83e00;
 .timescale 0 0;
    .port_info 0 /OUTPUT 32 "result"
    .port_info 1 /INPUT 1 "leftRight"
    .port_info 2 /INPUT 5 "shamt"
    .port_info 3 /INPUT 32 "sftSrc"
L_0x559372aa4b20 .functor BUFT 32, L_0x559372aa48c0, C4<00000000000000000000000000000000>, C4<00000000000000000000000000000000>, C4<00000000000000000000000000000000>;
v0x559372a82280_0 .net *"_s0", 31 0, L_0x559372aa48c0;  1 drivers
v0x559372aa3f20_0 .net *"_s2", 31 0, L_0x559372aa4a30;  1 drivers
v0x559372aa4000_0 .net "leftRight", 0 0, L_0x7f1a959b3018;  alias, 1 drivers
v0x559372aa40d0_0 .net "result", 31 0, L_0x559372aa4b20;  alias, 1 drivers
v0x559372aa41b0_0 .net "sftSrc", 31 0, v0x559372aa4540_0;  1 drivers
v0x559372aa42e0_0 .net "shamt", 4 0, v0x559372aa47d0_0;  1 drivers
L_0x559372aa48c0 .shift/l 32, v0x559372aa4540_0, v0x559372aa47d0_0;
L_0x559372aa4a30 .shift/r 32, v0x559372aa4540_0, v0x559372aa47d0_0;
    .scope S_0x559372a83e00;
T_0 ;
    %vpi_call 2 37 "$dumpfile", "wwww.vcd" {0 0 0};
    %vpi_call 2 38 "$dumpvars" {0 0 0};
    %pushi/vec4 4294967295, 0, 32;
    %store/vec4 v0x559372aa4540_0, 0, 32;
    %pushi/vec4 0, 0, 5;
    %store/vec4 v0x559372aa47d0_0, 0, 5;
    %pushi/vec4 1, 0, 32;
    %store/vec4 v0x559372aa4440_0, 0, 32;
T_0.0 ;
    %load/vec4 v0x559372aa4440_0;
    %cmpi/s 32, 0, 32;
    %flag_or 5, 4;
    %jmp/0xz T_0.1, 5;
    %delay 3, 0;
    %load/vec4 v0x559372aa4440_0;
    %pad/s 5;
    %store/vec4 v0x559372aa47d0_0, 0, 5;
    %load/vec4 v0x559372aa4440_0;
    %pushi/vec4 1, 0, 32;
    %add;
    %store/vec4 v0x559372aa4440_0, 0, 32;
    %jmp T_0.0;
T_0.1 ;
    %end;
    .thread T_0;
    .scope S_0x559372a83e00;
T_1 ;
    %delay 100, 0;
    %vpi_call 2 47 "$finish" {0 0 0};
    %end;
    .thread T_1;
# The file index is used to find the file name in the following table.
:file_names 3;
    "N/A";
    "<interactive>";
    "Shifter.v";
